mode: set
github.com/wealthy/wealthy-mcp/internal/falcon/falcon.go:50.58,56.2 1 0
github.com/wealthy/wealthy-mcp/internal/falcon/falcon.go:59.92,88.16 3 1
github.com/wealthy/wealthy-mcp/internal/falcon/falcon.go:88.16,90.3 1 0
github.com/wealthy/wealthy-mcp/internal/falcon/falcon.go:92.2,94.16 3 1
github.com/wealthy/wealthy-mcp/internal/falcon/falcon.go:94.16,96.3 1 0
github.com/wealthy/wealthy-mcp/internal/falcon/falcon.go:97.2,100.67 3 1
github.com/wealthy/wealthy-mcp/internal/falcon/falcon.go:100.67,102.3 1 1
github.com/wealthy/wealthy-mcp/internal/falcon/falcon.go:103.2,103.19 1 1
github.com/wealthy/wealthy-mcp/internal/falcon/falcon.go:107.71,110.16 3 1
github.com/wealthy/wealthy-mcp/internal/falcon/falcon.go:110.16,112.3 1 0
github.com/wealthy/wealthy-mcp/internal/falcon/falcon.go:113.2,116.67 3 1
github.com/wealthy/wealthy-mcp/internal/falcon/falcon.go:116.67,118.3 1 0
github.com/wealthy/wealthy-mcp/internal/falcon/falcon.go:119.2,119.18 1 1
github.com/wealthy/wealthy-mcp/internal/falcon/falcon.go:123.72,126.16 3 1
github.com/wealthy/wealthy-mcp/internal/falcon/falcon.go:126.16,128.3 1 0
github.com/wealthy/wealthy-mcp/internal/falcon/falcon.go:129.2,132.67 3 1
github.com/wealthy/wealthy-mcp/internal/falcon/falcon.go:132.67,134.3 1 0
github.com/wealthy/wealthy-mcp/internal/falcon/falcon.go:135.2,135.18 1 1
github.com/wealthy/wealthy-mcp/internal/falcon/falcon.go:138.72,141.16 3 1
github.com/wealthy/wealthy-mcp/internal/falcon/falcon.go:141.16,143.3 1 0
github.com/wealthy/wealthy-mcp/internal/falcon/falcon.go:144.2,147.67 3 1
github.com/wealthy/wealthy-mcp/internal/falcon/falcon.go:147.67,149.3 1 0
github.com/wealthy/wealthy-mcp/internal/falcon/falcon.go:150.2,150.18 1 1
github.com/wealthy/wealthy-mcp/internal/falcon/falcon.go:153.83,158.16 5 1
github.com/wealthy/wealthy-mcp/internal/falcon/falcon.go:158.16,160.3 1 0
github.com/wealthy/wealthy-mcp/internal/falcon/falcon.go:161.2,164.67 3 1
github.com/wealthy/wealthy-mcp/internal/falcon/falcon.go:164.67,166.3 1 0
github.com/wealthy/wealthy-mcp/internal/falcon/falcon.go:167.2,167.18 1 1
github.com/wealthy/wealthy-mcp/internal/falcon/falcon.go:170.73,173.16 3 1
github.com/wealthy/wealthy-mcp/internal/falcon/falcon.go:173.16,175.3 1 0
github.com/wealthy/wealthy-mcp/internal/falcon/falcon.go:177.2,178.67 2 1
github.com/wealthy/wealthy-mcp/internal/falcon/falcon.go:178.67,180.3 1 0
github.com/wealthy/wealthy-mcp/internal/falcon/falcon.go:181.2,181.18 1 1
github.com/wealthy/wealthy-mcp/internal/falcon/falcon.go:184.97,187.16 3 1
github.com/wealthy/wealthy-mcp/internal/falcon/falcon.go:187.16,189.3 1 0
github.com/wealthy/wealthy-mcp/internal/falcon/falcon.go:191.2,192.67 2 1
github.com/wealthy/wealthy-mcp/internal/falcon/falcon.go:192.67,194.3 1 0
github.com/wealthy/wealthy-mcp/internal/falcon/falcon.go:195.2,195.18 1 1
github.com/wealthy/wealthy-mcp/internal/falcon/falcon.go:198.99,202.16 3 1
github.com/wealthy/wealthy-mcp/internal/falcon/falcon.go:202.16,205.3 2 0
github.com/wealthy/wealthy-mcp/internal/falcon/falcon.go:206.2,206.52 1 1
github.com/wealthy/wealthy-mcp/internal/falcon/falcon.go:206.52,208.3 1 0
github.com/wealthy/wealthy-mcp/internal/falcon/falcon.go:209.2,209.61 1 1
github.com/wealthy/wealthy-mcp/internal/falcon/falcon.go:209.61,211.3 1 1
github.com/wealthy/wealthy-mcp/internal/falcon/falcon.go:213.2,214.69 2 1
github.com/wealthy/wealthy-mcp/internal/falcon/falcon.go:214.69,216.3 1 0
github.com/wealthy/wealthy-mcp/internal/falcon/falcon.go:217.2,217.12 1 1
github.com/wealthy/wealthy-mcp/internal/falcon/falcon.go:220.78,222.16 2 1
github.com/wealthy/wealthy-mcp/internal/falcon/falcon.go:222.16,224.3 1 0
github.com/wealthy/wealthy-mcp/internal/falcon/falcon.go:225.2,228.67 3 1
github.com/wealthy/wealthy-mcp/internal/falcon/falcon.go:228.67,230.3 1 0
github.com/wealthy/wealthy-mcp/internal/falcon/falcon.go:231.2,231.26 1 1
github.com/wealthy/wealthy-mcp/internal/falcon/falcon.go:234.93,238.16 4 1
github.com/wealthy/wealthy-mcp/internal/falcon/falcon.go:238.16,240.3 1 0
github.com/wealthy/wealthy-mcp/internal/falcon/falcon.go:241.2,244.67 3 1
github.com/wealthy/wealthy-mcp/internal/falcon/falcon.go:244.67,246.3 1 0
github.com/wealthy/wealthy-mcp/internal/falcon/falcon.go:247.2,247.18 1 1
github.com/wealthy/wealthy-mcp/internal/falcon/falcon.go:250.92,251.23 1 1
github.com/wealthy/wealthy-mcp/internal/falcon/falcon.go:251.23,253.3 1 1
github.com/wealthy/wealthy-mcp/internal/falcon/falcon.go:254.2,257.16 4 1
github.com/wealthy/wealthy-mcp/internal/falcon/falcon.go:257.16,259.3 1 0
github.com/wealthy/wealthy-mcp/internal/falcon/falcon.go:260.2,263.67 3 1
github.com/wealthy/wealthy-mcp/internal/falcon/falcon.go:263.67,265.3 1 0
github.com/wealthy/wealthy-mcp/internal/falcon/falcon.go:266.2,266.18 1 1
github.com/wealthy/wealthy-mcp/internal/falcon/falcon.go:269.76,272.16 3 1
github.com/wealthy/wealthy-mcp/internal/falcon/falcon.go:272.16,274.3 1 0
github.com/wealthy/wealthy-mcp/internal/falcon/falcon.go:275.2,278.67 3 1
github.com/wealthy/wealthy-mcp/internal/falcon/falcon.go:278.67,280.3 1 0
github.com/wealthy/wealthy-mcp/internal/falcon/falcon.go:281.2,281.18 1 1
